<?xml version="1.0" encoding="UTF-8"?>
<testsuite name="fizzbuzz.FizzBuzzShould" tests="8" skipped="0" failures="0" errors="0" timestamp="2021-03-04T16:44:41" hostname="localhost.localdomain" time="0.882">
  <properties/>
  <testcase name="return_fizzbuzz_when_input_is_15_as_divisible_by_3_and_by_5" classname="fizzbuzz.FizzBuzzShould" time="0.076"/>
  <testcase name="return_fizz_when_input_is_3_as_divisible_by_3" classname="fizzbuzz.FizzBuzzShould" time="0.0"/>
  <testcase name="return_buzz_when_input_is_5_as_divisible_by_5" classname="fizzbuzz.FizzBuzzShould" time="0.001"/>
  <testcase name="return_4_when_input_is_4_as_non_divisible_by_3_nor_by_5" classname="fizzbuzz.FizzBuzzShould" time="0.0"/>
  <testcase name="return_buzz_when_input_is_10_as_divisible_by_5" classname="fizzbuzz.FizzBuzzShould" time="0.0"/>
  <testcase name="return_fizz_when_input_is_6_as_divisible_by_3" classname="fizzbuzz.FizzBuzzShould" time="0.0"/>
  <testcase name="return_fizzbuzz_when_input_is_30_as_divisible_by_3_and_by_5" classname="fizzbuzz.FizzBuzzShould" time="0.0"/>
  <testcase name="return_1_when_input_is_1_as_non_divisible_by_3_nor_by_5" classname="fizzbuzz.FizzBuzzShould" time="0.799"/>
  <system-out><![CDATA[]]></system-out>
  <system-err><![CDATA[]]></system-err>
</testsuite>
